# JRE version: OpenJDK Runtime Environment (8.0_322-b06) (build 1.8.0_322-b06)
# Java VM: OpenJDK 64-Bit Server VM (25.322-b06 mixed mode windows-amd64 compressed oops)
Heap:
 PSYoungGen      total 156160K, used 16543K [0x00000000e0980000, 0x00000000eb900000, 0x0000000100000000)
  eden space 146432K, 4% used [0x00000000e0980000,0x00000000e1039a30,0x00000000e9880000)
  from space 9728K, 99% used [0x00000000eaf80000,0x00000000eb8ee558,0x00000000eb900000)
  to   space 13312K, 0% used [0x00000000e9f00000,0x00000000e9f00000,0x00000000eac00000)
 ParOldGen       total 71680K, used 15461K [0x00000000a1c00000, 0x00000000a6200000, 0x00000000e0980000)
  object space 71680K, 21% used [0x00000000a1c00000,0x00000000a2b19538,0x00000000a6200000)
 Metaspace       used 39583K, capacity 42724K, committed 43008K, reserved 1085440K
  class space    used 5484K, capacity 6035K, committed 6144K, reserved 1048576K
GC Heap History (10 events):
Event: 8.915 GC heap before
{Heap before GC invocations=8 (full 1):
 PSYoungGen      total 79360K, used 79295K [0x00000000e0980000, 0x00000000e7680000, 0x0000000100000000)
  eden space 75264K, 100% used [0x00000000e0980000,0x00000000e5300000,0x00000000e5300000)
  from space 4096K, 98% used [0x00000000e7280000,0x00000000e766fe18,0x00000000e7680000)
  to   space 9216K, 0% used [0x00000000e6480000,0x00000000e6480000,0x00000000e6d80000)
 ParOldGen       total 48640K, used 8535K [0x00000000a1c00000, 0x00000000a4b80000, 0x00000000e0980000)
  object space 48640K, 17% used [0x00000000a1c00000,0x00000000a2455e10,0x00000000a4b80000)
 Metaspace       used 24431K, capacity 25752K, committed 25856K, reserved 1071104K
  class space    used 3288K, capacity 3532K, committed 3584K, reserved 1048576K
Event: 8.931 GC heap after
Heap after GC invocations=8 (full 1):
 PSYoungGen      total 102400K, used 8424K [0x00000000e0980000, 0x00000000e8e00000, 0x0000000100000000)
  eden space 93184K, 0% used [0x00000000e0980000,0x00000000e0980000,0x00000000e6480000)
  from space 9216K, 91% used [0x00000000e6480000,0x00000000e6cba0d0,0x00000000e6d80000)
  to   space 10240K, 0% used [0x00000000e8400000,0x00000000e8400000,0x00000000e8e00000)
 ParOldGen       total 48640K, used 8535K [0x00000000a1c00000, 0x00000000a4b80000, 0x00000000e0980000)
  object space 48640K, 17% used [0x00000000a1c00000,0x00000000a2455e10,0x00000000a4b80000)
 Metaspace       used 24431K, capacity 25752K, committed 25856K, reserved 1071104K
  class space    used 3288K, capacity 3532K, committed 3584K, reserved 1048576K
}
Event: 10.604 GC heap before
{Heap before GC invocations=9 (full 1):
 PSYoungGen      total 102400K, used 101608K [0x00000000e0980000, 0x00000000e8e00000, 0x0000000100000000)
  eden space 93184K, 100% used [0x00000000e0980000,0x00000000e6480000,0x00000000e6480000)
  from space 9216K, 91% used [0x00000000e6480000,0x00000000e6cba0d0,0x00000000e6d80000)
  to   space 10240K, 0% used [0x00000000e8400000,0x00000000e8400000,0x00000000e8e00000)
 ParOldGen       total 48640K, used 8535K [0x00000000a1c00000, 0x00000000a4b80000, 0x00000000e0980000)
  object space 48640K, 17% used [0x00000000a1c00000,0x00000000a2455e10,0x00000000a4b80000)
 Metaspace       used 32195K, capacity 34382K, committed 34560K, reserved 1079296K
  class space    used 4349K, capacity 4779K, committed 4864K, reserved 1048576K
Event: 10.625 GC heap after
Heap after GC invocations=9 (full 1):
 PSYoungGen      total 122880K, used 10221K [0x00000000e0980000, 0x00000000eac00000, 0x0000000100000000)
  eden space 112640K, 0% used [0x00000000e0980000,0x00000000e0980000,0x00000000e7780000)
  from space 10240K, 99% used [0x00000000e8400000,0x00000000e8dfb700,0x00000000e8e00000)
  to   space 12800K, 0% used [0x00000000e7780000,0x00000000e7780000,0x00000000e8400000)
 ParOldGen       total 48640K, used 11838K [0x00000000a1c00000, 0x00000000a4b80000, 0x00000000e0980000)
  object space 48640K, 24% used [0x00000000a1c00000,0x00000000a278fba0,0x00000000a4b80000)
 Metaspace       used 32195K, capacity 34382K, committed 34560K, reserved 1079296K
  class space    used 4349K, capacity 4779K, committed 4864K, reserved 1048576K
}
Event: 10.845 GC heap before
{Heap before GC invocations=10 (full 1):
 PSYoungGen      total 122880K, used 35990K [0x00000000e0980000, 0x00000000eac00000, 0x0000000100000000)
  eden space 112640K, 22% used [0x00000000e0980000,0x00000000e22aa488,0x00000000e7780000)
  from space 10240K, 99% used [0x00000000e8400000,0x00000000e8dfb700,0x00000000e8e00000)
  to   space 12800K, 0% used [0x00000000e7780000,0x00000000e7780000,0x00000000e8400000)
 ParOldGen       total 48640K, used 11838K [0x00000000a1c00000, 0x00000000a4b80000, 0x00000000e0980000)
  object space 48640K, 24% used [0x00000000a1c00000,0x00000000a278fba0,0x00000000a4b80000)
 Metaspace       used 33126K, capacity 35348K, committed 35456K, reserved 1079296K
  class space    used 4450K, capacity 4898K, committed 4992K, reserved 1048576K
Event: 10.861 GC heap after
Heap after GC invocations=10 (full 1):
 PSYoungGen      total 125440K, used 8744K [0x00000000e0980000, 0x00000000ebc00000, 0x0000000100000000)
  eden space 112640K, 0% used [0x00000000e0980000,0x00000000e0980000,0x00000000e7780000)
  from space 12800K, 68% used [0x00000000e7780000,0x00000000e800a070,0x00000000e8400000)
  to   space 12800K, 0% used [0x00000000eaf80000,0x00000000eaf80000,0x00000000ebc00000)
 ParOldGen       total 48640K, used 13746K [0x00000000a1c00000, 0x00000000a4b80000, 0x00000000e0980000)
  object space 48640K, 28% used [0x00000000a1c00000,0x00000000a296cbb0,0x00000000a4b80000)
 Metaspace       used 33126K, capacity 35348K, committed 35456K, reserved 1079296K
  class space    used 4450K, capacity 4898K, committed 4992K, reserved 1048576K
}
Event: 10.861 GC heap before
{Heap before GC invocations=11 (full 2):
 PSYoungGen      total 125440K, used 8744K [0x00000000e0980000, 0x00000000ebc00000, 0x0000000100000000)
  eden space 112640K, 0% used [0x00000000e0980000,0x00000000e0980000,0x00000000e7780000)
  from space 12800K, 68% used [0x00000000e7780000,0x00000000e800a070,0x00000000e8400000)
  to   space 12800K, 0% used [0x00000000eaf80000,0x00000000eaf80000,0x00000000ebc00000)
 ParOldGen       total 48640K, used 13746K [0x00000000a1c00000, 0x00000000a4b80000, 0x00000000e0980000)
  object space 48640K, 28% used [0x00000000a1c00000,0x00000000a296cbb0,0x00000000a4b80000)
 Metaspace       used 33126K, capacity 35348K, committed 35456K, reserved 1079296K
  class space    used 4450K, capacity 4898K, committed 4992K, reserved 1048576K
Event: 10.987 GC heap after
Heap after GC invocations=11 (full 2):
 PSYoungGen      total 125440K, used 0K [0x00000000e0980000, 0x00000000ebc00000, 0x0000000100000000)
  eden space 112640K, 0% used [0x00000000e0980000,0x00000000e0980000,0x00000000e7780000)
  from space 12800K, 0% used [0x00000000e7780000,0x00000000e7780000,0x00000000e8400000)
  to   space 12800K, 0% used [0x00000000eaf80000,0x00000000eaf80000,0x00000000ebc00000)
 ParOldGen       total 71680K, used 15453K [0x00000000a1c00000, 0x00000000a6200000, 0x00000000e0980000)
  object space 71680K, 21% used [0x00000000a1c00000,0x00000000a2b17538,0x00000000a6200000)
 Metaspace       used 33126K, capacity 35348K, committed 35456K, reserved 1079296K
  class space    used 4450K, capacity 4898K, committed 4992K, reserved 1048576K
}
Event: 13.902 GC heap before
{Heap before GC invocations=12 (full 2):
 PSYoungGen      total 125440K, used 112640K [0x00000000e0980000, 0x00000000ebc00000, 0x0000000100000000)
  eden space 112640K, 100% used [0x00000000e0980000,0x00000000e7780000,0x00000000e7780000)
  from space 12800K, 0% used [0x00000000e7780000,0x00000000e7780000,0x00000000e8400000)
  to   space 12800K, 0% used [0x00000000eaf80000,0x00000000eaf80000,0x00000000ebc00000)
 ParOldGen       total 71680K, used 15453K [0x00000000a1c00000, 0x00000000a6200000, 0x00000000e0980000)
  object space 71680K, 21% used [0x00000000a1c00000,0x00000000a2b17538,0x00000000a6200000)
 Metaspace       used 39460K, capacity 42526K, committed 42752K, reserved 1085440K
  class space    used 5461K, capacity 6034K, committed 6144K, reserved 1048576K
Event: 13.920 GC heap after
Heap after GC invocations=12 (full 2):
 PSYoungGen      total 156160K, used 9657K [0x00000000e0980000, 0x00000000eb900000, 0x0000000100000000)
  eden space 146432K, 0% used [0x00000000e0980000,0x00000000e0980000,0x00000000e9880000)
  from space 9728K, 99% used [0x00000000eaf80000,0x00000000eb8ee558,0x00000000eb900000)
  to   space 13312K, 0% used [0x00000000e9f00000,0x00000000e9f00000,0x00000000eac00000)
 ParOldGen       total 71680K, used 15461K [0x00000000a1c00000, 0x00000000a6200000, 0x00000000e0980000)
  object space 71680K, 21% used [0x00000000a1c00000,0x00000000a2b19538,0x00000000a6200000)
 Metaspace       used 39460K, capacity 42526K, committed 42752K, reserved 1085440K
  class space    used 5461K, capacity 6034K, committed 6144K, reserved 1048576K
}

